<?xml version="1.0" encoding="UTF-8"?>
<!-- Generated by org.testng.reporters.JUnitReportReporter -->
<testsuite hostname="Losuinda" failures="0" tests="1" name="test.GGGG" time="0.313" errors="0" timestamp="2024-11-25T02:51:06 CET" skipped="0">
  <testcase classname="test.GGGG" name="testtable" time="0.313"/>
</testsuite> <!-- test.GGGG -->
