<?xml version="1.0" encoding="UTF-8"?>
<!-- Generated by org.testng.reporters.JUnitReportReporter -->
<testsuite hostname="Losuinda" failures="0" tests="1" name="test.HandleRegLink" time="0.486" errors="0" timestamp="2024-11-25T03:44:29 CET" skipped="0">
  <testcase classname="test.HandleRegLink" name="testlink" time="0.486"/>
</testsuite> <!-- test.HandleRegLink -->
