<?xml version="1.0" encoding="UTF-8"?>
<!-- Generated by org.testng.reporters.JUnitReportReporter -->
<testsuite hostname="Losuinda" failures="0" tests="1" name="testcases.TC001_Test_LoginPage" time="6.806" errors="0" timestamp="2024-11-15T16:02:16 CET" skipped="0">
  <testcase classname="testcases.TC001_Test_LoginPage" name="testLoginPageWithvalidData" time="6.806"/>
</testsuite> <!-- testcases.TC001_Test_LoginPage -->
