<?xml version="1.0" encoding="UTF-8"?>
<!-- Generated by org.testng.reporters.JUnitReportReporter -->
<testsuite hostname="Losuinda" failures="0" tests="1" name="test.Test11" time="12.589" errors="0" timestamp="2024-11-23T14:51:53 CET" skipped="0">
  <testcase classname="test.Test11" name="getMethods" time="12.589"/>
</testsuite> <!-- test.Test11 -->
