<?xml version="1.0" encoding="UTF-8"?>
<!-- Generated by org.testng.reporters.JUnitReportReporter -->
<testsuite hostname="Losuinda" failures="0" tests="1" name="test.checkbox" time="4.691" errors="0" timestamp="2024-11-23T18:37:14 CET" skipped="0">
  <testcase classname="test.checkbox" name="checkBoxes" time="4.691"/>
</testsuite> <!-- test.checkbox -->
