<?xml version="1.0" encoding="UTF-8"?>
<!-- Generated by org.testng.reporters.JUnitReportReporter -->
<testsuite hostname="Losuinda" failures="0" tests="1" name="test.RelativeLocators" time="5.156" errors="0" timestamp="2024-11-23T14:04:03 CET" skipped="0">
  <testcase classname="test.RelativeLocators" name="getMethods" time="5.156"/>
</testsuite> <!-- test.RelativeLocators -->
