<?xml version="1.0" encoding="UTF-8"?>
<!-- Generated by org.testng.reporters.JUnitReportReporter -->
<testsuite hostname="Losuinda" failures="0" tests="1" name="test.DragAndDrop" time="0.838" errors="0" timestamp="2024-11-24T18:10:59 CET" skipped="0">
  <testcase classname="test.DragAndDrop" name="testDragDrop" time="0.838"/>
</testsuite> <!-- test.DragAndDrop -->
